<?xml version="1.0" encoding="UTF-8"?>
<!-- Generated by org.testng.reporters.JUnitReportReporter -->
<testsuite hostname="Vinoth-PC" name="googletest.GoogleTest" tests="1" failures="0" timestamp="13 Mar 2017 04:18:50 GMT" time="26.853" errors="0">
  <testcase name="sampletest" time="26.853" classname="googletest.GoogleTest"/>
</testsuite> <!-- googletest.GoogleTest -->
